# JRE version: OpenJDK Runtime Environment (8.0_202-b03) (build 1.8.0_202-release-1483-b03)
# Java VM: OpenJDK 64-Bit Server VM (25.202-b03 mixed mode windows-amd64 compressed oops)
Heap:
 PSYoungGen      total 478208K, used 344362K [0x00000000e0000000, 0x0000000100000000, 0x0000000100000000)
  eden space 434176K, 72% used [0x00000000e0000000,0x00000000f3575218,0x00000000fa800000)
  from space 44032K, 62% used [0x00000000fd400000,0x00000000feed5740,0x00000000fff00000)
  to   space 45056K, 0% used [0x00000000fa800000,0x00000000fa800000,0x00000000fd400000)
 ParOldGen       total 242176K, used 90352K [0x00000000a0000000, 0x00000000aec80000, 0x00000000e0000000)
  object space 242176K, 37% used [0x00000000a0000000,0x00000000a583c1b0,0x00000000aec80000)
 Metaspace       used 98842K, capacity 105200K, committed 105472K, reserved 1140736K
  class space    used 12550K, capacity 13608K, committed 13824K, reserved 1048576K
GC Heap History (10 events):
Event: 3513.049 GC heap before
{Heap before GC invocations=42 (full 4):
 PSYoungGen      total 466944K, used 427520K [0x00000000e0000000, 0x0000000100000000, 0x0000000100000000)
  eden space 427520K, 100% used [0x00000000e0000000,0x00000000fa180000,0x00000000fa180000)
  from space 39424K, 0% used [0x00000000fb300000,0x00000000fb300000,0x00000000fd980000)
  to   space 39424K, 0% used [0x00000000fd980000,0x00000000fd980000,0x0000000100000000)
 ParOldGen       total 242176K, used 90312K [0x00000000a0000000, 0x00000000aec80000, 0x00000000e0000000)
  object space 242176K, 37% used [0x00000000a0000000,0x00000000a58321b0,0x00000000aec80000)
 Metaspace       used 96747K, capacity 101402K, committed 102144K, reserved 1138688K
  class space    used 12281K, capacity 13117K, committed 13312K, reserved 1048576K
Event: 3513.085 GC heap after
Heap after GC invocations=42 (full 4):
 PSYoungGen      total 468480K, used 16228K [0x00000000e0000000, 0x0000000100000000, 0x0000000100000000)
  eden space 429056K, 0% used [0x00000000e0000000,0x00000000e0000000,0x00000000fa300000)
  from space 39424K, 41% used [0x00000000fd980000,0x00000000fe9593b0,0x0000000100000000)
  to   space 47616K, 0% used [0x00000000fa300000,0x00000000fa300000,0x00000000fd180000)
 ParOldGen       total 242176K, used 90320K [0x00000000a0000000, 0x00000000aec80000, 0x00000000e0000000)
  object space 242176K, 37% used [0x00000000a0000000,0x00000000a58341b0,0x00000000aec80000)
 Metaspace       used 96747K, capacity 101402K, committed 102144K, reserved 1138688K
  class space    used 12281K, capacity 13117K, committed 13312K, reserved 1048576K
}
Event: 4309.138 GC heap before
{Heap before GC invocations=43 (full 4):
 PSYoungGen      total 468480K, used 445284K [0x00000000e0000000, 0x0000000100000000, 0x0000000100000000)
  eden space 429056K, 100% used [0x00000000e0000000,0x00000000fa300000,0x00000000fa300000)
  from space 39424K, 41% used [0x00000000fd980000,0x00000000fe9593b0,0x0000000100000000)
  to   space 47616K, 0% used [0x00000000fa300000,0x00000000fa300000,0x00000000fd180000)
 ParOldGen       total 242176K, used 90320K [0x00000000a0000000, 0x00000000aec80000, 0x00000000e0000000)
  object space 242176K, 37% used [0x00000000a0000000,0x00000000a58341b0,0x00000000aec80000)
 Metaspace       used 97099K, capacity 101912K, committed 102400K, reserved 1138688K
  class space    used 12305K, capacity 13158K, committed 13312K, reserved 1048576K
Event: 4309.156 GC heap after
Heap after GC invocations=43 (full 4):
 PSYoungGen      total 476672K, used 9420K [0x00000000e0000000, 0x0000000100000000, 0x0000000100000000)
  eden space 429056K, 0% used [0x00000000e0000000,0x00000000e0000000,0x00000000fa300000)
  from space 47616K, 19% used [0x00000000fa300000,0x00000000fac33098,0x00000000fd180000)
  to   space 47104K, 0% used [0x00000000fd200000,0x00000000fd200000,0x0000000100000000)
 ParOldGen       total 242176K, used 90328K [0x00000000a0000000, 0x00000000aec80000, 0x00000000e0000000)
  object space 242176K, 37% used [0x00000000a0000000,0x00000000a58361b0,0x00000000aec80000)
 Metaspace       used 97099K, capacity 101912K, committed 102400K, reserved 1138688K
  class space    used 12305K, capacity 13158K, committed 13312K, reserved 1048576K
}
Event: 4604.990 GC heap before
{Heap before GC invocations=44 (full 4):
 PSYoungGen      total 476672K, used 438476K [0x00000000e0000000, 0x0000000100000000, 0x0000000100000000)
  eden space 429056K, 100% used [0x00000000e0000000,0x00000000fa300000,0x00000000fa300000)
  from space 47616K, 19% used [0x00000000fa300000,0x00000000fac33098,0x00000000fd180000)
  to   space 47104K, 0% used [0x00000000fd200000,0x00000000fd200000,0x0000000100000000)
 ParOldGen       total 242176K, used 90328K [0x00000000a0000000, 0x00000000aec80000, 0x00000000e0000000)
  object space 242176K, 37% used [0x00000000a0000000,0x00000000a58361b0,0x00000000aec80000)
 Metaspace       used 98044K, capacity 103864K, committed 104320K, reserved 1140736K
  class space    used 12470K, capacity 13462K, committed 13696K, reserved 1048576K
Event: 4605.018 GC heap after
Heap after GC invocations=44 (full 4):
 PSYoungGen      total 473088K, used 12299K [0x00000000e0000000, 0x00000000ffc80000, 0x0000000100000000)
  eden space 429568K, 0% used [0x00000000e0000000,0x00000000e0000000,0x00000000fa380000)
  from space 43520K, 28% used [0x00000000fd200000,0x00000000fde02ff0,0x00000000ffc80000)
  to   space 45568K, 0% used [0x00000000fa380000,0x00000000fa380000,0x00000000fd000000)
 ParOldGen       total 242176K, used 90336K [0x00000000a0000000, 0x00000000aec80000, 0x00000000e0000000)
  object space 242176K, 37% used [0x00000000a0000000,0x00000000a58381b0,0x00000000aec80000)
 Metaspace       used 98044K, capacity 103864K, committed 104320K, reserved 1140736K
  class space    used 12470K, capacity 13462K, committed 13696K, reserved 1048576K
}
Event: 4930.700 GC heap before
{Heap before GC invocations=45 (full 4):
 PSYoungGen      total 473088K, used 441867K [0x00000000e0000000, 0x00000000ffc80000, 0x0000000100000000)
  eden space 429568K, 100% used [0x00000000e0000000,0x00000000fa380000,0x00000000fa380000)
  from space 43520K, 28% used [0x00000000fd200000,0x00000000fde02ff0,0x00000000ffc80000)
  to   space 45568K, 0% used [0x00000000fa380000,0x00000000fa380000,0x00000000fd000000)
 ParOldGen       total 242176K, used 90336K [0x00000000a0000000, 0x00000000aec80000, 0x00000000e0000000)
  object space 242176K, 37% used [0x00000000a0000000,0x00000000a58381b0,0x00000000aec80000)
 Metaspace       used 98340K, capacity 104384K, committed 104576K, reserved 1140736K
  class space    used 12493K, capacity 13504K, committed 13696K, reserved 1048576K
Event: 4930.741 GC heap after
Heap after GC invocations=45 (full 4):
 PSYoungGen      total 475136K, used 12139K [0x00000000e0000000, 0x00000000fff00000, 0x0000000100000000)
  eden space 429568K, 0% used [0x00000000e0000000,0x00000000e0000000,0x00000000fa380000)
  from space 45568K, 26% used [0x00000000fa380000,0x00000000faf5afd8,0x00000000fd000000)
  to   space 44032K, 0% used [0x00000000fd400000,0x00000000fd400000,0x00000000fff00000)
 ParOldGen       total 242176K, used 90344K [0x00000000a0000000, 0x00000000aec80000, 0x00000000e0000000)
  object space 242176K, 37% used [0x00000000a0000000,0x00000000a583a1b0,0x00000000aec80000)
 Metaspace       used 98340K, capacity 104384K, committed 104576K, reserved 1140736K
  class space    used 12493K, capacity 13504K, committed 13696K, reserved 1048576K
}
Event: 5857.971 GC heap before
{Heap before GC invocations=46 (full 4):
 PSYoungGen      total 475136K, used 441707K [0x00000000e0000000, 0x00000000fff00000, 0x0000000100000000)
  eden space 429568K, 100% used [0x00000000e0000000,0x00000000fa380000,0x00000000fa380000)
  from space 45568K, 26% used [0x00000000fa380000,0x00000000faf5afd8,0x00000000fd000000)
  to   space 44032K, 0% used [0x00000000fd400000,0x00000000fd400000,0x00000000fff00000)
 ParOldGen       total 242176K, used 90344K [0x00000000a0000000, 0x00000000aec80000, 0x00000000e0000000)
  object space 242176K, 37% used [0x00000000a0000000,0x00000000a583a1b0,0x00000000aec80000)
 Metaspace       used 98636K, capacity 104890K, committed 105088K, reserved 1140736K
  class space    used 12527K, capacity 13567K, committed 13696K, reserved 1048576K
Event: 5858.156 GC heap after
Heap after GC invocations=46 (full 4):
 PSYoungGen      total 478208K, used 27477K [0x00000000e0000000, 0x0000000100000000, 0x0000000100000000)
  eden space 434176K, 0% used [0x00000000e0000000,0x00000000e0000000,0x00000000fa800000)
  from space 44032K, 62% used [0x00000000fd400000,0x00000000feed5740,0x00000000fff00000)
  to   space 45056K, 0% used [0x00000000fa800000,0x00000000fa800000,0x00000000fd400000)
 ParOldGen       total 242176K, used 90352K [0x00000000a0000000, 0x00000000aec80000, 0x00000000e0000000)
  object space 242176K, 37% used [0x00000000a0000000,0x00000000a583c1b0,0x00000000aec80000)
 Metaspace       used 98636K, capacity 104890K, committed 105088K, reserved 1140736K
  class space    used 12527K, capacity 13567K, committed 13696K, reserved 1048576K
}

